[0m13:03:58.768410 [debug] [MainThread]: Sending event: {'category': 'dbt', 'action': 'invocation', 'label': 'start', 'context': [<snowplow_tracker.self_describing_json.SelfDescribingJson object at 0x741b166179b0>, <snowplow_tracker.self_describing_json.SelfDescribingJson object at 0x741b17483ef0>, <snowplow_tracker.self_describing_json.SelfDescribingJson object at 0x741b1699a4b0>]}


============================== 13:03:58.773388 | e622db51-f9e0-4a7e-87ce-78c8cf5f6ca6 ==============================
[0m13:03:58.773388 [info ] [MainThread]: Running with dbt=1.11.8
[0m13:03:58.773950 [debug] [MainThread]: running dbt with arguments {'use_experimental_parser': 'False', 'target_path': 'None', 'warn_error_options': 'WarnErrorOptionsV2(error=[], warn=[], silence=[])', 'log_cache_events': 'False', 'fail_fast': 'False', 'no_print': 'None', 'write_json': 'True', 'log_path': 'logs', 'cache_selected_only': 'False', 'empty': 'None', 'printer_width': '80', 'version_check': 'True', 'invocation_command': 'dbt init music_events_transform', 'static_parser': 'True', 'use_colors': 'True', 'introspect': 'True', 'log_format': 'default', 'profiles_dir': '/home/duc1808/.dbt', 'send_anonymous_usage_stats': 'True', 'warn_error': 'None', 'indirect_selection': 'eager', 'quiet': 'False', 'partial_parse': 'True', 'debug': 'False'}
[0m13:03:58.781943 [info ] [MainThread]: Creating dbt configuration folder at /home/duc1808/.dbt
[0m13:03:58.783477 [debug] [MainThread]: Starter project path: /home/duc1808/eventsim_project/venv/lib/python3.12/site-packages/dbt/include/starter_project
[0m13:03:58.787177 [info ] [MainThread]: 
Your new dbt project "music_events_transform" was created!

For more information on how to configure the profiles.yml file,
please consult the dbt documentation here:

  https://docs.getdbt.com/docs/configure-your-profile

One more thing:

Need help? Don't hesitate to reach out to us via GitHub issues or on Slack:

  https://community.getdbt.com/

Happy modeling!

[0m13:03:58.787714 [info ] [MainThread]: Setting up your profile.
[0m13:04:13.999491 [info ] [MainThread]: No sample profile found for clickhouse.
[0m13:04:14.002677 [debug] [MainThread]: Resource report: {"command_name": "init", "command_success": true, "command_wall_clock_time": 15.294047, "process_in_blocks": "96", "process_kernel_time": 0.234794, "process_mem_max_rss": "103036", "process_out_blocks": "64", "process_user_time": 1.647831}
[0m13:04:14.003199 [debug] [MainThread]: Command `dbt init` succeeded at 13:04:14.003062 after 15.29 seconds
[0m13:04:14.003544 [debug] [MainThread]: Sending event: {'category': 'dbt', 'action': 'invocation', 'label': 'end', 'context': [<snowplow_tracker.self_describing_json.SelfDescribingJson object at 0x741b1a75b410>, <snowplow_tracker.self_describing_json.SelfDescribingJson object at 0x741b1627a360>, <snowplow_tracker.self_describing_json.SelfDescribingJson object at 0x741b19027140>]}
[0m13:04:14.003911 [debug] [MainThread]: Flushing usage events
[0m13:04:15.207516 [debug] [MainThread]: An error was encountered while trying to flush usage events
